#
# A fatal error has been detected by the Java Runtime Environment:
#
#  EXCEPTION_ACCESS_VIOLATION (0xc0000005) at pc=0x000000005c2c2e89, pid=4668, tid=3748
#
# JRE version: Java(TM) SE Runtime Environment (7.0_67-b01) (build 1.7.0_67-b01)
# Java VM: Java HotSpot(TM) 64-Bit Server VM (24.65-b04 mixed mode windows-amd64 compressed oops)
# Problematic frame:
# V  [jvm.dll+0x452e89]
#
# Failed to write core dump. Minidumps are not enabled by default on client versions of Windows
#
# If you would like to submit a bug report, please visit:
#   http://bugreport.sun.com/bugreport/crash.jsp
#

---------------  T H R E A D  ---------------

Current thread (0x0000000008a95800):  JavaThread "C2 CompilerThread0" daemon [_thread_in_native, id=3748, stack(0x000000000a010000,0x000000000a110000)]

siginfo: ExceptionCode=0xc0000005, reading address 0xffffffffffffffff

Registers:
RAX=0x000000000af713b0, RBX=0x004000000af71328, RCX=0x0000000000000007, RDX=0x0000000000000000
RSP=0x000000000a10bb90, RBP=0x000000000af71378, RSI=0x0000000000000003, RDI=0x000000000a10c040
R8 =0x0000000000000080, R9 =0x0000000000004000, R10=0x000000000b9ba4a0, R11=0x0000000000000080
R12=0x000000000a10bc58, R13=0x000000000a10bc38, R14=0x0000000000000003, R15=0x0000000000000018
RIP=0x000000005c2c2e89, EFLAGS=0x0000000000010206

Top of Stack: (sp=0x000000000a10bb90)
0x000000000a10bb90:   000000000000024b 000000000af708f0
0x000000000a10bba0:   000000000a10bc58 0000000008a61330
0x000000000a10bbb0:   0000000000000020 0000000000000000
0x000000000a10bbc0:   000000000a10c020 0000000000000002
0x000000000a10bbd0:   000000000a10bd00 000000000a5630f0
0x000000000a10bbe0:   0000000008a61330 000000000a70a140
0x000000000a10bbf0:   0000000008a61330 000000005c2c52b7
0x000000000a10bc00:   000000000a10c020 000000000a10bc58
0x000000000a10bc10:   0000000000000003 000000000a10bca8
0x000000000a10bc20:   000000000a70a190 000000000a712128
0x000000000a10bc30:   000000000009a250 0000000008a61330
0x000000000a10bc40:   0000000000000100 000000000ae29e90
0x000000000a10bc50:   00000000000000e5 000000005c454f58
0x000000000a10bc60:   0000000008a61330 0000000000000200
0x000000000a10bc70:   000000000ae29690 0000000000000000
0x000000000a10bc80:   000000000a70a140 0000000008a61330 

Instructions: (pc=0x000000005c2c2e89)
0x000000005c2c2e69:   1f 84 00 00 00 00 00 48 8b 45 08 41 ff c6 49 83
0x000000005c2c2e79:   c7 08 49 8b 5c 07 f8 48 85 db 0f 84 dd 00 00 00
0x000000005c2c2e89:   48 8b 03 48 8b cb ff 90 b0 00 00 00 84 c0 74 3f
0x000000005c2c2e99:   48 8b 03 48 8b cb ff 50 10 84 c0 75 32 48 8b 43 


Register to memory mapping:

RAX=0x000000000af713b0 is an unknown value
RBX=0x004000000af71328 is an unknown value
RCX=0x0000000000000007 is an unknown value
RDX=0x0000000000000000 is an unknown value
RSP=0x000000000a10bb90 is pointing into the stack for thread: 0x0000000008a95800
RBP=0x000000000af71378 is an unknown value
RSI=0x0000000000000003 is an unknown value
RDI=0x000000000a10c040 is pointing into the stack for thread: 0x0000000008a95800
R8 =0x0000000000000080 is an unknown value
R9 =0x0000000000004000 is an unknown value
R10=0x000000000b9ba4a0 is an unknown value
R11=0x0000000000000080 is an unknown value
R12=0x000000000a10bc58 is pointing into the stack for thread: 0x0000000008a95800
R13=0x000000000a10bc38 is pointing into the stack for thread: 0x0000000008a95800
R14=0x0000000000000003 is an unknown value
R15=0x0000000000000018 is an unknown value


Stack: [0x000000000a010000,0x000000000a110000],  sp=0x000000000a10bb90,  free space=1006k
Native frames: (J=compiled Java code, j=interpreted, Vv=VM code, C=native code)
V  [jvm.dll+0x452e89]


Current CompileTask:
C2:   3883  438             com.android.dx.ssa.SsaRenamer$BlockRenamer::process (191 bytes)


---------------  P R O C E S S  ---------------

Java Threads: ( => current thread )
  0x000000000a58a000 JavaThread "pool-2-thread-4" [_thread_blocked, id=7332, stack(0x000000000ac10000,0x000000000ad10000)]
  0x000000000a589800 JavaThread "pool-2-thread-3" [_thread_blocked, id=10160, stack(0x000000000ab10000,0x000000000ac10000)]
  0x000000000a587000 JavaThread "pool-2-thread-2" [_thread_blocked, id=9516, stack(0x000000000aa10000,0x000000000ab10000)]
  0x000000000a583000 JavaThread "pool-3-thread-1" [_thread_blocked, id=512, stack(0x000000000a910000,0x000000000aa10000)]
  0x000000000a573000 JavaThread "pool-2-thread-1" [_thread_in_Java, id=6520, stack(0x000000000a810000,0x000000000a910000)]
  0x0000000008aa5800 JavaThread "Service Thread" daemon [_thread_blocked, id=5888, stack(0x000000000a210000,0x000000000a310000)]
  0x0000000008aa1000 JavaThread "C2 CompilerThread1" daemon [_thread_in_native, id=8328, stack(0x000000000a110000,0x000000000a210000)]
=>0x0000000008a95800 JavaThread "C2 CompilerThread0" daemon [_thread_in_native, id=3748, stack(0x000000000a010000,0x000000000a110000)]
  0x0000000008a95000 JavaThread "Attach Listener" daemon [_thread_blocked, id=7184, stack(0x0000000009f10000,0x000000000a010000)]
  0x0000000008a90000 JavaThread "Signal Dispatcher" daemon [_thread_blocked, id=5504, stack(0x0000000009e10000,0x0000000009f10000)]
  0x0000000008a58800 JavaThread "Finalizer" daemon [_thread_blocked, id=2560, stack(0x0000000009d10000,0x0000000009e10000)]
  0x0000000008a57000 JavaThread "Reference Handler" daemon [_thread_blocked, id=3804, stack(0x0000000009c10000,0x0000000009d10000)]
  0x0000000002b00800 JavaThread "main" [_thread_in_Java, id=9180, stack(0x0000000002a00000,0x0000000002b00000)]

Other Threads:
  0x0000000008a51000 VMThread [stack: 0x0000000009b10000,0x0000000009c10000] [id=504]
  0x0000000008ab3800 WatcherThread [stack: 0x000000000a310000,0x000000000a410000] [id=1752]

VM state:not at safepoint (normal execution)

VM Mutex/Monitor currently owned by a thread: None

Heap
 PSYoungGen      total 71680K, used 11672K [0x00000000eaa80000, 0x00000000ef580000, 0x0000000100000000)
  eden space 66560K, 9% used [0x00000000eaa80000,0x00000000eb0e6cb0,0x00000000eeb80000)
  from space 5120K, 99% used [0x00000000ef080000,0x00000000ef57f350,0x00000000ef580000)
  to   space 5120K, 0% used [0x00000000eeb80000,0x00000000eeb80000,0x00000000ef080000)
 ParOldGen       total 86016K, used 14305K [0x00000000c0000000, 0x00000000c5400000, 0x00000000eaa80000)
  object space 86016K, 16% used [0x00000000c0000000,0x00000000c0df8548,0x00000000c5400000)
 PSPermGen       total 21504K, used 5941K [0x00000000bae00000, 0x00000000bc300000, 0x00000000c0000000)
  object space 21504K, 27% used [0x00000000bae00000,0x00000000bb3cd570,0x00000000bc300000)

Card table byte_map: [0x0000000005cc0000,0x0000000005ef0000] byte_map_base: 0x00000000056e9000

Polling page: 0x0000000002890000

Code Cache  [0x0000000002c00000, 0x0000000002e70000, 0x0000000005c00000)
 total_blobs=693 nmethods=456 adapters=189 free_code_cache=47286Kb largest_free_block=48397120

Compilation events (10 events):
Event: 3.851 Thread 0x0000000008aa1000 nmethod 453 0x0000000002db4450 code [0x0000000002db45a0, 0x0000000002db4678]
Event: 3.851 Thread 0x0000000008aa1000  454             com.android.dx.ssa.PhiInsn::predBlocksForReg (73 bytes)
Event: 3.861 Thread 0x0000000008aa1000 nmethod 454 0x0000000002db6110 code [0x0000000002db62a0, 0x0000000002db6778]
Event: 3.861 Thread 0x0000000008aa1000  455             com.android.dx.rop.code.BasicBlockList$RegCountVisitor::visitThrowingCstInsn (6 bytes)
Event: 3.866 Thread 0x0000000008aa1000 nmethod 455 0x0000000002db5790 code [0x0000000002db5900, 0x0000000002db5b98]
Event: 3.866 Thread 0x0000000008aa1000  456             com.android.dx.ssa.SsaRenamer$BlockRenamer::visitNonMoveInsn (14 bytes)
Event: 3.875 Thread 0x0000000008aa1000 nmethod 456 0x0000000002dd76d0 code [0x0000000002dd7880, 0x0000000002dd7ca0]
Event: 3.875 Thread 0x0000000008aa1000  457             com.android.dx.rop.code.RegisterSpec::getType (10 bytes)
Event: 3.875 Thread 0x0000000008aa1000 nmethod 457 0x0000000002db2a90 code [0x0000000002db2be0, 0x0000000002db2c58]
Event: 3.876 Thread 0x0000000008aa1000  458             com.android.dx.ssa.SsaMethod::removeFromUseList (57 bytes)

GC Heap History (8 events):
Event: 1.635 GC heap before
{Heap before GC invocations=1 (full 0):
 PSYoungGen      total 38400K, used 33280K [0x00000000eaa80000, 0x00000000ed500000, 0x0000000100000000)
  eden space 33280K, 100% used [0x00000000eaa80000,0x00000000ecb00000,0x00000000ecb00000)
  from space 5120K, 0% used [0x00000000ed000000,0x00000000ed000000,0x00000000ed500000)
  to   space 5120K, 0% used [0x00000000ecb00000,0x00000000ecb00000,0x00000000ed000000)
 ParOldGen       total 86016K, used 0K [0x00000000c0000000, 0x00000000c5400000, 0x00000000eaa80000)
  object space 86016K, 0% used [0x00000000c0000000,0x00000000c0000000,0x00000000c5400000)
 PSPermGen       total 21504K, used 5713K [0x00000000bae00000, 0x00000000bc300000, 0x00000000c0000000)
  object space 21504K, 26% used [0x00000000bae00000,0x00000000bb394420,0x00000000bc300000)
Event: 1.643 GC heap after
Heap after GC invocations=1 (full 0):
 PSYoungGen      total 38400K, used 5093K [0x00000000eaa80000, 0x00000000ed500000, 0x0000000100000000)
  eden space 33280K, 0% used [0x00000000eaa80000,0x00000000eaa80000,0x00000000ecb00000)
  from space 5120K, 99% used [0x00000000ecb00000,0x00000000ecff9690,0x00000000ed000000)
  to   space 5120K, 0% used [0x00000000ed000000,0x00000000ed000000,0x00000000ed500000)
 ParOldGen       total 86016K, used 312K [0x00000000c0000000, 0x00000000c5400000, 0x00000000eaa80000)
  object space 86016K, 0% used [0x00000000c0000000,0x00000000c004e2a0,0x00000000c5400000)
 PSPermGen       total 21504K, used 5713K [0x00000000bae00000, 0x00000000bc300000, 0x00000000c0000000)
  object space 21504K, 26% used [0x00000000bae00000,0x00000000bb394420,0x00000000bc300000)
}
Event: 2.590 GC heap before
{Heap before GC invocations=2 (full 0):
 PSYoungGen      total 38400K, used 38373K [0x00000000eaa80000, 0x00000000ed500000, 0x0000000100000000)
  eden space 33280K, 100% used [0x00000000eaa80000,0x00000000ecb00000,0x00000000ecb00000)
  from space 5120K, 99% used [0x00000000ecb00000,0x00000000ecff9690,0x00000000ed000000)
  to   space 5120K, 0% used [0x00000000ed000000,0x00000000ed000000,0x00000000ed500000)
 ParOldGen       total 86016K, used 312K [0x00000000c0000000, 0x00000000c5400000, 0x00000000eaa80000)
  object space 86016K, 0% used [0x00000000c0000000,0x00000000c004e2a0,0x00000000c5400000)
 PSPermGen       total 21504K, used 5877K [0x00000000bae00000, 0x00000000bc300000, 0x00000000c0000000)
  object space 21504K, 27% used [0x00000000bae00000,0x00000000bb3bd698,0x00000000bc300000)
Event: 2.604 GC heap after
Heap after GC invocations=2 (full 0):
 PSYoungGen      total 38400K, used 5102K [0x00000000eaa80000, 0x00000000ed500000, 0x0000000100000000)
  eden space 33280K, 0% used [0x00000000eaa80000,0x00000000eaa80000,0x00000000ecb00000)
  from space 5120K, 99% used [0x00000000ed000000,0x00000000ed4fba00,0x00000000ed500000)
  to   space 5120K, 0% used [0x00000000ecb00000,0x00000000ecb00000,0x00000000ed000000)
 ParOldGen       total 86016K, used 3901K [0x00000000c0000000, 0x00000000c5400000, 0x00000000eaa80000)
  object space 86016K, 4% used [0x00000000c0000000,0x00000000c03cf6f8,0x00000000c5400000)
 PSPermGen       total 21504K, used 5877K [0x00000000bae00000, 0x00000000bc300000, 0x00000000c0000000)
  object space 21504K, 27% used [0x00000000bae00000,0x00000000bb3bd698,0x00000000bc300000)
}
Event: 3.422 GC heap before
{Heap before GC invocations=3 (full 0):
 PSYoungGen      total 38400K, used 38382K [0x00000000eaa80000, 0x00000000ed500000, 0x0000000100000000)
  eden space 33280K, 100% used [0x00000000eaa80000,0x00000000ecb00000,0x00000000ecb00000)
  from space 5120K, 99% used [0x00000000ed000000,0x00000000ed4fba00,0x00000000ed500000)
  to   space 5120K, 0% used [0x00000000ecb00000,0x00000000ecb00000,0x00000000ed000000)
 ParOldGen       total 86016K, used 3901K [0x00000000c0000000, 0x00000000c5400000, 0x00000000eaa80000)
  object space 86016K, 4% used [0x00000000c0000000,0x00000000c03cf6f8,0x00000000c5400000)
 PSPermGen       total 21504K, used 5911K [0x00000000bae00000, 0x00000000bc300000, 0x00000000c0000000)
  object space 21504K, 27% used [0x00000000bae00000,0x00000000bb3c5c48,0x00000000bc300000)
Event: 3.433 GC heap after
Heap after GC invocations=3 (full 0):
 PSYoungGen      total 38400K, used 5091K [0x00000000eaa80000, 0x00000000ef580000, 0x0000000100000000)
  eden space 33280K, 0% used [0x00000000eaa80000,0x00000000eaa80000,0x00000000ecb00000)
  from space 5120K, 99% used [0x00000000ecb00000,0x00000000ecff8ca8,0x00000000ed000000)
  to   space 5120K, 0% used [0x00000000ef080000,0x00000000ef080000,0x00000000ef580000)
 ParOldGen       total 86016K, used 8233K [0x00000000c0000000, 0x00000000c5400000, 0x00000000eaa80000)
  object space 86016K, 9% used [0x00000000c0000000,0x00000000c080a548,0x00000000c5400000)
 PSPermGen       total 21504K, used 5911K [0x00000000bae00000, 0x00000000bc300000, 0x00000000c0000000)
  object space 21504K, 27% used [0x00000000bae00000,0x00000000bb3c5c48,0x00000000bc300000)
}
Event: 3.821 GC heap before
{Heap before GC invocations=4 (full 0):
 PSYoungGen      total 38400K, used 38371K [0x00000000eaa80000, 0x00000000ef580000, 0x0000000100000000)
  eden space 33280K, 100% used [0x00000000eaa80000,0x00000000ecb00000,0x00000000ecb00000)
  from space 5120K, 99% used [0x00000000ecb00000,0x00000000ecff8ca8,0x00000000ed000000)
  to   space 5120K, 0% used [0x00000000ef080000,0x00000000ef080000,0x00000000ef580000)
 ParOldGen       total 86016K, used 8233K [0x00000000c0000000, 0x00000000c5400000, 0x00000000eaa80000)
  object space 86016K, 9% used [0x00000000c0000000,0x00000000c080a548,0x00000000c5400000)
 PSPermGen       total 21504K, used 5934K [0x00000000bae00000, 0x00000000bc300000, 0x00000000c0000000)
  object space 21504K, 27% used [0x00000000bae00000,0x00000000bb3cb868,0x00000000bc300000)
Event: 3.837 GC heap after
Heap after GC invocations=4 (full 0):
 PSYoungGen      total 71680K, used 5116K [0x00000000eaa80000, 0x00000000ef580000, 0x0000000100000000)
  eden space 66560K, 0% used [0x00000000eaa80000,0x00000000eaa80000,0x00000000eeb80000)
  from space 5120K, 99% used [0x00000000ef080000,0x00000000ef57f350,0x00000000ef580000)
  to   space 5120K, 0% used [0x00000000eeb80000,0x00000000eeb80000,0x00000000ef080000)
 ParOldGen       total 86016K, used 14305K [0x00000000c0000000, 0x00000000c5400000, 0x00000000eaa80000)
  object space 86016K, 16% used [0x00000000c0000000,0x00000000c0df8548,0x00000000c5400000)
 PSPermGen       total 21504K, used 5934K [0x00000000bae00000, 0x00000000bc300000, 0x00000000c0000000)
  object space 21504K, 27% used [0x00000000bae00000,0x00000000bb3cb868,0x00000000bc300000)
}

Deoptimization events (10 events):
Event: 3.462 Thread 0x000000000a589800 Uncommon trap: reason=class_check action=maybe_recompile pc=0x0000000002cccffc method=java.util.HashMap.put(Ljava/lang/Object;Ljava/lang/Object;)Ljava/lang/Object; @ 83
Event: 3.462 Thread 0x000000000a589800 Uncommon trap: reason=class_check action=maybe_recompile pc=0x0000000002cccffc method=java.util.HashMap.put(Ljava/lang/Object;Ljava/lang/Object;)Ljava/lang/Object; @ 83
Event: 3.555 Thread 0x000000000a58a000 Uncommon trap: reason=unreached action=reinterpret pc=0x0000000002cce50c method=com.android.dx.ssa.SCCP.simulateBranch(Lcom/android/dx/ssa/SsaInsn;)V @ 132
Event: 3.555 Thread 0x000000000a58a000 Uncommon trap: reason=unloaded action=reinterpret pc=0x0000000002d26c30 method=com.android.dx.ssa.LiteralOpUpgrader$1.visitNonMoveInsn(Lcom/android/dx/ssa/NormalSsaInsn;)V @ 72
Event: 3.627 Thread 0x000000000a589800 Uncommon trap: reason=class_check action=maybe_recompile pc=0x0000000002d9e1d4 method=com.android.dx.ssa.back.FirstFitLocalCombiningAllocator.findNextUnreservedRopReg(IILcom/android/dx/ssa/back/FirstFitLocalCombiningAllocator$Alignment;)I @ 6
Event: 3.665 Thread 0x000000000a573000 Uncommon trap: reason=null_check action=make_not_entrant pc=0x0000000002dbd660 method=com.android.dx.cf.code.Ropper$CatchInfo.getSetup(Lcom/android/dx/rop/type/Type;)Lcom/android/dx/cf/code/Ropper$ExceptionHandlerSetup; @ 10
Event: 3.715 Thread 0x000000000a58a000 Uncommon trap: reason=class_check action=maybe_recompile pc=0x0000000002d97b34 method=com.android.dx.ssa.PhiTypeResolver.run()V @ 151
Event: 3.742 Thread 0x000000000a587000 Uncommon trap: reason=class_check action=maybe_recompile pc=0x0000000002d9e1d4 method=com.android.dx.ssa.back.FirstFitLocalCombiningAllocator.findNextUnreservedRopReg(IILcom/android/dx/ssa/back/FirstFitLocalCombiningAllocator$Alignment;)I @ 6
Event: 3.755 Thread 0x000000000a58a000 Uncommon trap: reason=class_check action=maybe_recompile pc=0x0000000002d9e1d4 method=com.android.dx.ssa.back.FirstFitLocalCombiningAllocator.findNextUnreservedRopReg(IILcom/android/dx/ssa/back/FirstFitLocalCombiningAllocator$Alignment;)I @ 6
Event: 3.794 Thread 0x000000000a587000 Uncommon trap: reason=class_check action=maybe_recompile pc=0x0000000002d97b34 method=com.android.dx.ssa.PhiTypeResolver.run()V @ 151

Internal exceptions (10 events):
Event: 1.269 Thread 0x0000000002b00800 Threw 0x00000000ec2529c0 at C:\re\jdk7u67\1368\hotspot\src\share\vm\prims\jvm.cpp:1244
Event: 1.283 Thread 0x000000000a573000 Threw 0x00000000ec38e300 at C:\re\jdk7u67\1368\hotspot\src\share\vm\prims\jvm.cpp:1244
Event: 1.409 Thread 0x000000000a573000 Implicit null exception at 0x0000000002c851d9 to 0x0000000002c85525
Event: 1.451 Thread 0x0000000002b00800 Threw 0x00000000ec4acb48 at C:\re\jdk7u67\1368\hotspot\src\share\vm\prims\jvm.cpp:1244
Event: 1.730 Thread 0x000000000a58a000 Threw 0x00000000eace5d60 at C:\re\jdk7u67\1368\hotspot\src\share\vm\prims\jvm.cpp:1244
Event: 3.409 Thread 0x000000000a573000 Threw 0x00000000ebcf7330 at C:\re\jdk7u67\1368\hotspot\src\share\vm\prims\jvm.cpp:1244
Event: 3.411 Thread 0x0000000002b00800 Implicit null exception at 0x0000000002cbb8ab to 0x0000000002cbbf89
Event: 3.537 Thread 0x0000000002b00800 Threw 0x00000000eb03ffb0 at C:\re\jdk7u67\1368\hotspot\src\share\vm\prims\jvm.cpp:1244
Event: 3.555 Thread 0x000000000a58a000 Threw 0x00000000eb14a618 at C:\re\jdk7u67\1368\hotspot\src\share\vm\prims\jvm.cpp:1244
Event: 3.665 Thread 0x000000000a573000 Implicit null exception at 0x0000000002db9f30 to 0x0000000002dbd62d

Events (10 events):
Event: 3.742 Thread 0x000000000a587000 DEOPT UNPACKING pc=0x0000000002c375a4 sp=0x000000000ab0eaa8 mode 2
Event: 3.755 Thread 0x000000000a58a000 Uncommon trap: trap_request=0xffffffde fr.pc=0x0000000002d9e1d4
Event: 3.755 Thread 0x000000000a58a000 DEOPT PACKING pc=0x0000000002d9e1d4 sp=0x000000000ad0ebe0
Event: 3.755 Thread 0x000000000a58a000 DEOPT UNPACKING pc=0x0000000002c375a4 sp=0x000000000ad0eae8 mode 2
Event: 3.794 Thread 0x000000000a587000 Uncommon trap: trap_request=0xffffffde fr.pc=0x0000000002d97b34
Event: 3.794 Thread 0x000000000a587000 DEOPT PACKING pc=0x0000000002d97b34 sp=0x000000000ab0ec30
Event: 3.794 Thread 0x000000000a587000 DEOPT UNPACKING pc=0x0000000002c375a4 sp=0x000000000ab0ebe8 mode 2
Event: 3.817 Executing VM operation: ParallelGCFailedAllocation
Event: 3.837 Executing VM operation: ParallelGCFailedAllocation done
Event: 3.846 Thread 0x0000000008aa1000 flushing nmethod 0x0000000002c84e90


Dynamic libraries:
0x00007ff71f840000 - 0x00007ff71f873000 	C:\Program Files\Java\jdk1.7.0_67\bin\java.exe
0x00007ffcac6f0000 - 0x00007ffcac8b2000 	C:\Windows\SYSTEM32\ntdll.dll
0x00007ffcaa310000 - 0x00007ffcaa3bd000 	C:\Windows\system32\KERNEL32.DLL
0x00007ffca9be0000 - 0x00007ffca9dbd000 	C:\Windows\system32\KERNELBASE.dll
0x00007ffcac0f0000 - 0x00007ffcac196000 	C:\Windows\system32\ADVAPI32.dll
0x00007ffcabe80000 - 0x00007ffcabf1d000 	C:\Windows\system32\msvcrt.dll
0x00007ffca9fb0000 - 0x00007ffcaa00b000 	C:\Windows\system32\sechost.dll
0x00007ffcac4c0000 - 0x00007ffcac5e6000 	C:\Windows\system32\RPCRT4.dll
0x00007ffcaa6b0000 - 0x00007ffcaa7fe000 	C:\Windows\system32\USER32.dll
0x00007ffcac1a0000 - 0x00007ffcac325000 	C:\Windows\system32\GDI32.dll
0x00007ffca6290000 - 0x00007ffca6504000 	C:\Windows\WinSxS\amd64_microsoft.windows.common-controls_6595b64144ccf1df_6.0.10240.16384_none_f41f7b285750ef43\COMCTL32.dll
0x00007ffca9f70000 - 0x00007ffca9fa6000 	C:\Windows\system32\IMM32.DLL
0x00007ffcabf20000 - 0x00007ffcac07c000 	C:\Windows\system32\MSCTF.dll
0x000000005b9c0000 - 0x000000005ba92000 	C:\Program Files\Java\jdk1.7.0_67\jre\bin\msvcr100.dll
0x000000005be70000 - 0x000000005c642000 	C:\Program Files\Java\jdk1.7.0_67\jre\bin\server\jvm.dll
0x00007ffcac4b0000 - 0x00007ffcac4b8000 	C:\Windows\system32\PSAPI.DLL
0x00007ffc9ca70000 - 0x00007ffc9ca79000 	C:\Windows\SYSTEM32\WSOCK32.dll
0x00007ffcac390000 - 0x00007ffcac3f9000 	C:\Windows\system32\WS2_32.dll
0x00007ffcac0e0000 - 0x00007ffcac0e8000 	C:\Windows\system32\NSI.dll
0x00007ffca5c70000 - 0x00007ffca5c93000 	C:\Windows\SYSTEM32\WINMM.dll
0x00007ffca5950000 - 0x00007ffca597c000 	C:\Windows\SYSTEM32\WINMMBASE.dll
0x00007ffca91c0000 - 0x00007ffca9204000 	C:\Windows\system32\cfgmgr32.dll
0x00007ffca78e0000 - 0x00007ffca7907000 	C:\Windows\SYSTEM32\DEVOBJ.dll
0x000000005be60000 - 0x000000005be6f000 	C:\Program Files\Java\jdk1.7.0_67\jre\bin\verify.dll
0x000000005be30000 - 0x000000005be58000 	C:\Program Files\Java\jdk1.7.0_67\jre\bin\java.dll
0x000000005be10000 - 0x000000005be25000 	C:\Program Files\Java\jdk1.7.0_67\jre\bin\zip.dll
0x000000005bdf0000 - 0x000000005be09000 	C:\Program Files\Java\jdk1.7.0_67\jre\bin\net.dll
0x00007ffca8990000 - 0x00007ffca89ed000 	C:\Windows\system32\mswsock.dll
0x000000005bdd0000 - 0x000000005bde1000 	C:\Program Files\Java\jdk1.7.0_67\jre\bin\nio.dll
0x00007ffc8a030000 - 0x00007ffc8a1ba000 	C:\Windows\SYSTEM32\dbghelp.dll

VM Arguments:
jvm_args: -Djava.awt.headless=true -Xmx1024M -Dfile.encoding=windows-1252 -Duser.country=US -Duser.language=en -Duser.variant 
java_command: com.android.dx.command.Main --dex --force-jumbo --num-threads=4 --multi-dex --output D:\My Android Projects\UCompanion\app\build\intermediates\transforms\dex\debug\folders\1000\10\com.android.support-support-v4-23.4.0_61933b1882590532e485abc48fb0c235c936b0e8 D:\My Android Projects\UCompanion\app\build\intermediates\exploded-aar\com.android.support\support-v4\23.4.0\jars\classes.jar
Launcher Type: SUN_STANDARD

Environment Variables:
PATH=C:\Program Files (x86)\Intel\iCLS Client\;C:\Program Files\Intel\iCLS Client\;C:\Windows\system32;C:\Windows;C:\Windows\System32\Wbem;C:\Windows\System32\WindowsPowerShell\v1.0\;C:\Program Files\Intel\Intel(R) Management Engine Components\DAL;C:\Program Files\Intel\Intel(R) Management Engine Components\IPT;C:\Program Files (x86)\Intel\Intel(R) Management Engine Components\DAL;C:\Program Files (x86)\Intel\Intel(R) Management Engine Components\IPT;C:\Program Files (x86)\Intel\OpenCL SDK\2.0\bin\x86;C:\Program Files (x86)\Intel\OpenCL SDK\2.0\bin\x64;C:\Program Files (x86)\NVIDIA Corporation\PhysX\Common;C:\MASM\BIN;C:\Program Files (x86)\Brackets\command;C:\Program Files (x86)\Skype\Phone\
USERNAME=dell
OS=Windows_NT
PROCESSOR_IDENTIFIER=Intel64 Family 6 Model 58 Stepping 9, GenuineIntel



---------------  S Y S T E M  ---------------

OS: Windows 8.1 , 64 bit Build 9600 

CPU:total 4 (2 cores per cpu, 2 threads per core) family 6 model 58 stepping 9, cmov, cx8, fxsr, mmx, sse, sse2, sse3, ssse3, sse4.1, sse4.2, popcnt, avx, aes, erms, ht, tsc, tscinvbit, tscinv

Memory: 4k page, physical 8283216k(3894448k free), swap 9593936k(3677304k free)

vm_info: Java HotSpot(TM) 64-Bit Server VM (24.65-b04) for windows-amd64 JRE (1.7.0_67-b01), built on Jul 25 2014 08:55:00 by "java_re" with unknown MS VC++:1600

time: Fri Jul 29 13:42:05 2016
elapsed time: 3 seconds

